<?xml version="1.0" encoding="UTF-8" ?>
<testsuite failures="0" time="0.002" errors="0" skipped="0" tests="1" name="com.mycompany.helloworld.AddTest">
  <properties>
    <property name="java.runtime.name" value="Java(TM) SE Runtime Environment"/>
    <property name="sun.boot.library.path" value="D:\Program Files (x86)\JAVA\jre\bin"/>
    <property name="java.vm.version" value="23.25-b01"/>
    <property name="java.vm.vendor" value="Oracle Corporation"/>
    <property name="java.vendor.url" value="http://java.oracle.com/"/>
    <property name="path.separator" value=";"/>
    <property name="java.vm.name" value="Java HotSpot(TM) 64-Bit Server VM"/>
    <property name="file.encoding.pkg" value="sun.io"/>
    <property name="user.script" value=""/>
    <property name="user.country" value="CN"/>
    <property name="sun.java.launcher" value="SUN_STANDARD"/>
    <property name="sun.os.patch.level" value="Service Pack 1"/>
    <property name="java.vm.specification.name" value="Java Virtual Machine Specification"/>
    <property name="user.dir" value="D:\repository\source_code\helloworld"/>
    <property name="java.runtime.version" value="1.7.0_25-b17"/>
    <property name="java.awt.graphicsenv" value="sun.awt.Win32GraphicsEnvironment"/>
    <property name="basedir" value="D:\repository\source_code\helloworld"/>
    <property name="java.endorsed.dirs" value="D:\Program Files (x86)\JAVA\jre\lib\endorsed"/>
    <property name="os.arch" value="amd64"/>
    <property name="surefire.real.class.path" value="C:\Users\YUDCE6~1.LIU\AppData\Local\Temp\surefirebooter4098946074559809114.jar"/>
    <property name="java.io.tmpdir" value="C:\Users\YUDCE6~1.LIU\AppData\Local\Temp\"/>
    <property name="line.separator" value="
"/>
    <property name="java.vm.specification.vendor" value="Oracle Corporation"/>
    <property name="user.variant" value=""/>
    <property name="os.name" value="Windows 7"/>
    <property name="sun.jnu.encoding" value="GBK"/>
    <property name="java.library.path" value="D:\Program Files (x86)\JAVA\jre\bin;C:\Windows\Sun\Java\bin;C:\Windows\system32;C:\Windows;D:\Program Files (x86)\ConEmu\ConEmu;C:\Program Files (x86)\Common Files\NetSarang;C:\Windows\system32;C:\Windows;C:\Windows\System32\Wbem;C:\Windows\System32\WindowsPowerShell\v1.0\;C:\Program Files (x86)\Intel\OpenCL SDK\3.0\bin\x86;C:\Program Files (x86)\Intel\OpenCL SDK\3.0\bin\x64;D:\Program Files (x86)\TortoiseSVN\bin;D:\Program Files (x86)\JAVA\bin;D:\Program Files (x86)\apache-maven-3.0.5\bin;D:\Program Files (x86)\Git\cmd;D:\Program Files (x86)\mysql-5.6.12-winx64\bin;D:\Program Files (x86)\gVimPortable_7.3\vim73;."/>
    <property name="surefire.test.class.path" value="D:\repository\source_code\helloworld\target\test-classes;D:\repository\source_code\helloworld\target\classes;D:\repository\.m2\repo\junit\junit\3.8.1\junit-3.8.1.jar;D:\repository\.m2\repo\log4j\log4j\1.2.14\log4j-1.2.14.jar;D:\repository\.m2\repo\dom4j\dom4j\1.6.1\dom4j-1.6.1.jar;D:\repository\.m2\repo\xml-apis\xml-apis\1.0.b2\xml-apis-1.0.b2.jar;D:\repository\.m2\repo\jaxen\jaxen\1.1.1\jaxen-1.1.1.jar;D:\repository\.m2\repo\jdom\jdom\1.0\jdom-1.0.jar;D:\repository\.m2\repo\xerces\xercesImpl\2.6.2\xercesImpl-2.6.2.jar;D:\repository\.m2\repo\xom\xom\1.0\xom-1.0.jar;D:\repository\.m2\repo\xerces\xmlParserAPIs\2.6.2\xmlParserAPIs-2.6.2.jar;D:\repository\.m2\repo\xalan\xalan\2.6.0\xalan-2.6.0.jar;D:\repository\.m2\repo\com\ibm\icu\icu4j\2.6.1\icu4j-2.6.1.jar;D:\repository\.m2\repo\velocity\velocity\1.5\velocity-1.5.jar;D:\repository\.m2\repo\commons-collections\commons-collections\3.1\commons-collections-3.1.jar;D:\repository\.m2\repo\commons-lang\commons-lang\2.1\commons-lang-2.1.jar;D:\repository\.m2\repo\oro\oro\2.0.8\oro-2.0.8.jar;"/>
    <property name="java.specification.name" value="Java Platform API Specification"/>
    <property name="java.class.version" value="51.0"/>
    <property name="sun.management.compiler" value="HotSpot 64-Bit Tiered Compilers"/>
    <property name="os.version" value="6.1"/>
    <property name="user.home" value="C:\Users\yu.liuyly"/>
    <property name="user.timezone" value=""/>
    <property name="java.awt.printerjob" value="sun.awt.windows.WPrinterJob"/>
    <property name="java.specification.version" value="1.7"/>
    <property name="file.encoding" value="GBK"/>
    <property name="user.name" value="yu.liuyly"/>
    <property name="java.class.path" value="D:\repository\source_code\helloworld\target\test-classes;D:\repository\source_code\helloworld\target\classes;D:\repository\.m2\repo\junit\junit\3.8.1\junit-3.8.1.jar;D:\repository\.m2\repo\log4j\log4j\1.2.14\log4j-1.2.14.jar;D:\repository\.m2\repo\dom4j\dom4j\1.6.1\dom4j-1.6.1.jar;D:\repository\.m2\repo\xml-apis\xml-apis\1.0.b2\xml-apis-1.0.b2.jar;D:\repository\.m2\repo\jaxen\jaxen\1.1.1\jaxen-1.1.1.jar;D:\repository\.m2\repo\jdom\jdom\1.0\jdom-1.0.jar;D:\repository\.m2\repo\xerces\xercesImpl\2.6.2\xercesImpl-2.6.2.jar;D:\repository\.m2\repo\xom\xom\1.0\xom-1.0.jar;D:\repository\.m2\repo\xerces\xmlParserAPIs\2.6.2\xmlParserAPIs-2.6.2.jar;D:\repository\.m2\repo\xalan\xalan\2.6.0\xalan-2.6.0.jar;D:\repository\.m2\repo\com\ibm\icu\icu4j\2.6.1\icu4j-2.6.1.jar;D:\repository\.m2\repo\velocity\velocity\1.5\velocity-1.5.jar;D:\repository\.m2\repo\commons-collections\commons-collections\3.1\commons-collections-3.1.jar;D:\repository\.m2\repo\commons-lang\commons-lang\2.1\commons-lang-2.1.jar;D:\repository\.m2\repo\oro\oro\2.0.8\oro-2.0.8.jar;"/>
    <property name="java.vm.specification.version" value="1.7"/>
    <property name="sun.arch.data.model" value="64"/>
    <property name="java.home" value="D:\Program Files (x86)\JAVA\jre"/>
    <property name="sun.java.command" value="C:\Users\YUDCE6~1.LIU\AppData\Local\Temp\surefirebooter4098946074559809114.jar C:\Users\YUDCE6~1.LIU\AppData\Local\Temp\surefire943493421109246919tmp C:\Users\YUDCE6~1.LIU\AppData\Local\Temp\surefire7167401991822107628tmp"/>
    <property name="java.specification.vendor" value="Oracle Corporation"/>
    <property name="user.language" value="zh"/>
    <property name="awt.toolkit" value="sun.awt.windows.WToolkit"/>
    <property name="java.vm.info" value="mixed mode"/>
    <property name="java.version" value="1.7.0_25"/>
    <property name="java.ext.dirs" value="D:\Program Files (x86)\JAVA\jre\lib\ext;C:\Windows\Sun\Java\lib\ext"/>
    <property name="sun.boot.class.path" value="D:\Program Files (x86)\JAVA\jre\lib\resources.jar;D:\Program Files (x86)\JAVA\jre\lib\rt.jar;D:\Program Files (x86)\JAVA\jre\lib\sunrsasign.jar;D:\Program Files (x86)\JAVA\jre\lib\jsse.jar;D:\Program Files (x86)\JAVA\jre\lib\jce.jar;D:\Program Files (x86)\JAVA\jre\lib\charsets.jar;D:\Program Files (x86)\JAVA\jre\lib\jfr.jar;D:\Program Files (x86)\JAVA\jre\classes"/>
    <property name="java.vendor" value="Oracle Corporation"/>
    <property name="localRepository" value="D:\repository\.m2\repo"/>
    <property name="file.separator" value="\"/>
    <property name="java.vendor.url.bug" value="http://bugreport.sun.com/bugreport/"/>
    <property name="sun.cpu.endian" value="little"/>
    <property name="sun.io.unicode.encoding" value="UnicodeLittle"/>
    <property name="sun.desktop" value="windows"/>
    <property name="sun.cpu.isalist" value="amd64"/>
  </properties>
  <testcase time="0" classname="com.mycompany.helloworld.AddTest" name="testAdd"/>
</testsuite>