<?xml version="1.0" encoding="UTF-8"?>
<!-- Generated by org.testng.reporters.JUnitReportReporter -->
<testsuite hostname="Elan-thinkpad" name="com.mycompany.testng.StringUtilsTest" tests="1" failures="0" timestamp="6 Sep 2013 15:28:18 GMT" time="0.005" errors="0">
  <testcase name="print" time="0.005" classname="com.mycompany.testng.StringUtilsTest"/>
</testsuite>
